       0: PID 571 started
       1: 571  w  0x2dce86 <- 84
       2: 571  r  0x2dc608 -> 00
       3: 571  w  0x9b3f28 <- 98
       4: 571  w  0x2dc7c9 <- 77
       5: 571  r  0x2dc8c7 -> 00
       6: 571  w  0x2dc8cb <- 6f
       7: 571  r  0x2dc201 -> 00
       8: 571  r  0x2dbc49 -> 00
       9: 571  w  0x2dbc4c <- d0
      10: 571  r  0x2dbb85 -> 00
      11: 571  w  0x2dbb86 <- 72
      12: 571  r  0x2dbc4f -> 00
      13: 571  r  0x2dbc0a -> 00
      14: 571  w  0x2dbc03 <- 83
      15: 571  r  0x2dc8c5 -> 00
      16: 571  r  0x2dc902 -> 00
      17: 571  r  0x2dc208 -> 00
      18: 571  r  0x2dbc05 -> 00
      19: 571  r  0x2dbb8e -> 00
      20: 571  r  0xba8cee -> 00
      21: 571  r  0x2dc7c1 -> 00
      22: 571  r  0x2dc80f -> 00
      23: 571  r  0x2dea89 -> 00
      24: 571  r  0xe0480 -> 00
      25: 571  w  0x2dea86 <- a7
      26: 571  w  0x2dd7cb <- 2c
      27: 571  r  0x2dc60f -> 00
      28: 571  w  0x9b3f3b <- 8c
      29: 571  w  0x2dc7ca <- dd
      30: 571  r  0x2dc8c5 -> 00
      31: 571  w  0x2dc8cd <- 5d
      32: 571  r  0x2dc205 -> 00
      33: 571  r  0x2dbc44 -> 00
      34: 571  w  0x2dbc4d <- 8c
      35: 571  r  0x2dbb84 -> 00
      36: 571  w  0x2dbb8a <- 74
      37: 571  r  0x2dbc40 -> 00
      38: 571  r  0x2dbc09 -> 00
      39: 571  w  0x2dbc0b <- 37
      40: 571  r  0x2dc8c8 -> 00
      41: 571  r  0x2dc90e -> 00
      42: 571  r  0x2dc200 -> 00
      43: 571  r  0x2dbc0b -> 00
      44: 571  r  0x2dbb82 -> 00
      45: 571  r  0xba8cf2 -> 00
      46: 571  r  0x2dc7c0 -> 00
      47: 571  r  0x2dc802 -> 00
      48: 571  w  0x2dc80e <- 45
      49: 571  r  0x2dbc42 -> 00
      50: 571  w  0x2dbc48 <- 3e
      51: 571  r  0x2dbb81 -> 00
      52: 571  w  0x2dbb87 <- c9
      53: 571  r  0x2dbc4b -> 00
      54: 571  r  0x2dbc0f -> 00
      55: 571  w  0x2dbc0e <- 1c
      56: 571  r  0x2dc8cb -> 00
      57: 571  r  0x2dc90d -> 00
      58: 571  r  0x2dc20c -> 00
      59: 571  r  0x2dbc03 -> 00
      60: 571  r  0x2dbb8d -> 00
      61: 571  r  0xba8d0a -> 00
      62: 571  r  0x2dc7cb -> 00
      63: 571  r  0x2dc80d -> 00
      64: 571  w  0xb97384 <- 7c
      65: 571  r  0x2dc80b -> 00
      66: 571  r  0x2dc7ce -> 00
      67: 571  r  0x2dea8d -> 00
      68: 571  r  0xdf04b -> 00
      69: 571  r  0xddc0b -> 00
      70: 571  w  0x2dea8a <- 05
      71: 571  w  0x2dcd2b <- 9d
      72: 571  r  0x2dc8cf -> 00
      73: 571  r  0x2dc60a -> 00
      74: 571  w  0x9b3f46 <- ad
      75: 571  r  0x2dc8ce -> 00
      76: 571  r  0x2dc604 -> 00
      77: 571  w  0x2dc8cb <- 58
      78: 571  w  0x9b3f5f <- b9
      79: 571  r  0x2dc8c5 -> 00
      80: 571  w  0x2dc8c0 <- 6d
      81: 571  r  0xb97386 -> 00
      82: 571  r  0x2dc207 -> 00
      83: PID 571 stopped
      84: PID 433 started
      85: 433  w  0x2dc7c1 <- 0e
      86: 433  w  0x2dc80f <- 0c
      87: 433  r  0x2dbc47 -> 00
      88: 433  w  0x2dbc41 <- b9
      89: 433  r  0x2dbb88 -> 00
      90: 433  w  0x2dbb8d <- 43
      91: 433  r  0x2dbc4d -> 00
      92: 433  r  0x2dbc07 -> 00
      93: 433  w  0x2dbc04 <- 76
      94: 433  r  0x2dc8cf -> 00
      95: 433  r  0x2dc90c -> 00
      96: 433  r  0x2dc205 -> 00
      97: 433  r  0x2dbc02 -> 00
      98: 433  r  0x2dbb8a -> 00
      99: 433  r  0xba8d1b -> 00
     100: 433  r  0x2dc7cb -> 00
     101: 433  r  0x2dc804 -> 00
     102: 433  r  0x2dea8a -> 00
     103: 433  r  0xe0747 -> 00
     104: 433  w  0x2dea8e <- 84
     105: 433  w  0x2dd1af <- 96
     106: 433  r  0x2dc60d -> 00
     107: 433  w  0x9b3f6e <- 0c
     108: 433  w  0x2dc7c7 <- 0c
     109: 433  r  0x2dc8ce -> 00
     110: 433  w  0x2dc8c6 <- 7e
     111: 433  r  0x2dc205 -> 00
     112: 433  r  0x2dbc42 -> 00
     113: 433  w  0x2dbc4d <- b2
     114: 433  r  0x2dbb8a -> 00
     115: 433  w  0x2dbb83 <- 3e
     116: 433  r  0x2dbc41 -> 00
     117: 433  r  0x2dbc0e -> 00
     118: 433  w  0x2dbc06 <- a3
     119: 433  r  0x2dc8c3 -> 00
     120: 433  r  0x2dc907 -> 00
     121: 433  r  0x2dc208 -> 00
     122: 433  r  0x2dbc07 -> 00
     123: 433  r  0x2dbb86 -> 00
     124: 433  r  0xba8d2e -> 00
     125: 433  r  0x2dc7c3 -> 00
     126: 433  r  0x2dc800 -> 00
     127: 433  r  0x2dea8f -> 00
     128: 433  r  0xe1101 -> 00
     129: 433  w  0x2dea8d <- a7
     130: 433  w  0x2dd138 <- 75
     131: 433  r  0x2dc605 -> 00
     132: 433  w  0x9b3f72 <- 86
     133: 433  w  0x2dc7c8 <- ae
     134: 433  r  0x2dc8c9 -> 00
     135: 433  w  0x2dc8c4 <- bb
     136: 433  r  0x2dc205 -> 00
     137: 433  r  0x2dbc49 -> 00
